<?xml version="1.0" encoding="UTF-8"?>
<testng-results ignored="0" total="1" passed="1" failed="0" skipped="0">
  <reporter-output>
  </reporter-output>
  <suite started-at="2024-08-11T12:28:26 IST" name="Surefire suite" finished-at="2024-08-11T12:28:26 IST" duration-ms="20">
    <groups>
    </groups>
    <test started-at="2024-08-11T12:28:26 IST" name="Surefire test" finished-at="2024-08-11T12:28:26 IST" duration-ms="20">
      <class name="tests.FirstTest">
        <test-method signature="firstTest()[pri:0, instance:tests.FirstTest@45b4c3a9]" started-at="2024-08-11T12:28:26 IST" name="firstTest" finished-at="2024-08-11T12:28:26 IST" duration-ms="3" status="PASS">
          <reporter-output>
          </reporter-output>
        </test-method> <!-- firstTest -->
      </class> <!-- tests.FirstTest -->
    </test> <!-- Surefire test -->
  </suite> <!-- Surefire suite -->
</testng-results>
