<?xml version="1.0" encoding="UTF-8"?>
<testng-results ignored="0" total="2" passed="2" failed="0" skipped="0">
  <reporter-output>
  </reporter-output>
  <suite started-at="2024-08-12T21:16:26 IST" name="Default suite" finished-at="2024-08-12T21:16:42 IST" duration-ms="16112">
    <groups>
    </groups>
    <test started-at="2024-08-12T21:16:26 IST" name="Default test" finished-at="2024-08-12T21:16:42 IST" duration-ms="16112">
      <class name="tests.ParallelTest1">
        <test-method is-config="true" signature="setup()[pri:0, instance:tests.ParallelTest1@1e04fa0a]" started-at="2024-08-12T21:16:26 IST" name="setup" finished-at="2024-08-12T21:16:31 IST" duration-ms="5072" status="PASS">
          <reporter-output>
          </reporter-output>
        </test-method> <!-- setup -->
        <test-method signature="pageTitle()[pri:1, instance:tests.ParallelTest1@1e04fa0a]" started-at="2024-08-12T21:16:31 IST" name="pageTitle" finished-at="2024-08-12T21:16:31 IST" duration-ms="12" status="PASS">
          <reporter-output>
          </reporter-output>
        </test-method> <!-- pageTitle -->
        <test-method is-config="true" signature="teardown()[pri:0, instance:tests.ParallelTest1@1e04fa0a]" started-at="2024-08-12T21:16:31 IST" name="teardown" finished-at="2024-08-12T21:16:33 IST" duration-ms="2292" status="PASS">
          <reporter-output>
          </reporter-output>
        </test-method> <!-- teardown -->
        <test-method is-config="true" signature="setup()[pri:0, instance:tests.ParallelTest1@1e04fa0a]" started-at="2024-08-12T21:16:33 IST" name="setup" finished-at="2024-08-12T21:16:40 IST" duration-ms="6587" status="PASS">
          <reporter-output>
          </reporter-output>
        </test-method> <!-- setup -->
        <test-method signature="greetTest()[pri:2, instance:tests.ParallelTest1@1e04fa0a]" started-at="2024-08-12T21:16:40 IST" name="greetTest" finished-at="2024-08-12T21:16:40 IST" duration-ms="25" status="PASS">
          <reporter-output>
          </reporter-output>
        </test-method> <!-- greetTest -->
        <test-method is-config="true" signature="teardown()[pri:0, instance:tests.ParallelTest1@1e04fa0a]" started-at="2024-08-12T21:16:40 IST" name="teardown" finished-at="2024-08-12T21:16:42 IST" duration-ms="2098" status="PASS">
          <reporter-output>
          </reporter-output>
        </test-method> <!-- teardown -->
      </class> <!-- tests.ParallelTest1 -->
    </test> <!-- Default test -->
  </suite> <!-- Default suite -->
</testng-results>
